<?xml version="1.0" encoding="UTF-8"?>
<!-- Generated by org.testng.reporters.JUnitReportReporter -->
<testsuite hostname="DESKTOP-02956BS" failures="0" tests="1" name="CalenderPopUp.HandlingAnyDateInDomTest" time="49.803" errors="0" timestamp="2022-11-29T10:46:34 IST" skipped="0">
  <testcase classname="CalenderPopUp.HandlingAnyDateInDomTest" name="handlingAnyDateInDomTest" time="49.803"/>
  <system-out/>
</testsuite> <!-- CalenderPopUp.HandlingAnyDateInDomTest -->
