<?xml version="1.0" encoding="UTF-8"?>
<!-- Generated by org.testng.reporters.JUnitReportReporter -->
<testsuite hostname="DESKTOP-02956BS" failures="0" tests="1" name="DynamicWebTable.FifthCheckBox" time="39.129" errors="0" timestamp="2022-11-29T15:35:14 IST" skipped="0">
  <testcase classname="DynamicWebTable.FifthCheckBox" name="fifthCheckbox" time="39.129"/>
  <system-out/>
</testsuite> <!-- DynamicWebTable.FifthCheckBox -->
