<?xml version="1.0" encoding="UTF-8"?>
<!-- Generated by org.testng.reporters.JUnitReportReporter -->
<testsuite hostname="DESKTOP-02956BS" failures="0" tests="1" name="Vtiger.ContactsModule.CreateContactWithOrganizationTest" time="86.723" errors="0" timestamp="2022-11-29T10:53:08 IST" skipped="0">
  <testcase classname="Vtiger.ContactsModule.CreateContactWithOrganizationTest" name="createContactWithOrganizationTest" time="86.723"/>
  <system-out>
    <![CDATA[Amazon491
Ratna Kiran 64
Navigated to Organization Module
Clicked on Organization Lookup Icon Button
Created New Organization With Mandatory Details
Organization Validation Done Succesfully
Organization Created Succesfully
Clicked On Contacts Module
Clicked on contacts Lookup Icon Image
Entered Mandatory Detalis of Create Contact
Contact Created Succesfully]]>
  </system-out>
</testsuite> <!-- Vtiger.ContactsModule.CreateContactWithOrganizationTest -->
