<?xml version="1.0" encoding="UTF-8"?>
<!-- Generated by org.testng.reporters.JUnitReportReporter -->
<testsuite hostname="DESKTOP-02956BS" failures="0" tests="2" name="Vtiger.ContactsModule.CreateContactTest" time="52.165" errors="0" timestamp="2022-11-24T12:56:15 IST" skipped="0">
  <testcase classname="Vtiger.ContactsModule.CreateContactTest" name="CreateContactDemoTest" time="6.293"/>
  <system-out>
    <![CDATA[Demo Test]]>
  </system-out>
  <testcase classname="Vtiger.ContactsModule.CreateContactTest" name="createContactTest" time="45.872"/>
  <system-out/>
</testsuite> <!-- Vtiger.ContactsModule.CreateContactTest -->
