<?xml version="1.0" encoding="UTF-8"?>
<!-- Generated by org.testng.reporters.JUnitReportReporter -->
<testsuite hostname="DESKTOP-02956BS" failures="0" tests="1" name="Vtiger.ProductsModule.CreateProductWithVendorPomTest" time="166.136" errors="0" timestamp="2022-11-22T07:52:42 IST" skipped="0">
  <testcase classname="Vtiger.ProductsModule.CreateProductWithVendorPomTest" name="createProductWithVendorPomTest" time="166.136"/>
  <system-out/>
</testsuite> <!-- Vtiger.ProductsModule.CreateProductWithVendorPomTest -->
